[0.011s] Invoking command in '/home/leyla/Desktop/nexus_ws/build/ucb_interface': CMAKE_PREFIX_PATH=${CMAKE_PREFIX_PATH}:/home/leyla/Desktop/ver_ws/install/stage_ros2:/home/leyla/Desktop/ver_ws/install/robot_nav:/home/leyla/Desktop/ver_ws/install/navigation_tb3:/home/leyla/Desktop/ver_ws/install/cartographer_rviz:/home/leyla/Desktop/ver_ws/install/cartographer_ros:/home/leyla/Desktop/ver_ws/install/cartographer_ros_msgs:/home/leyla/Desktop/newvis_ws/install/panda_movet:/home/leyla/turtlebot3_ws/install/turtlebot3_teleop:/home/leyla/turtlebot3_ws/install/turtlebot3_example:/opt/ros/humble /usr/bin/cmake --build /home/leyla/Desktop/nexus_ws/build/ucb_interface -- -j20 -l20
[0.029s] -- Found ament_cmake: 1.3.11 (/opt/ros/humble/share/ament_cmake/cmake)
[0.129s] -- Found geometry_msgs: 4.8.0 (/opt/ros/humble/share/geometry_msgs/cmake)
[0.144s] -- Found rosidl_generator_c: 3.1.6 (/opt/ros/humble/share/rosidl_generator_c/cmake)
[0.145s] -- Found rosidl_adapter: 3.1.6 (/opt/ros/humble/share/rosidl_adapter/cmake)
[0.148s] -- Found rosidl_generator_cpp: 3.1.6 (/opt/ros/humble/share/rosidl_generator_cpp/cmake)
[0.154s] -- Using all available rosidl_typesupport_c: rosidl_typesupport_fastrtps_c;rosidl_typesupport_introspection_c
[0.161s] -- Using all available rosidl_typesupport_cpp: rosidl_typesupport_fastrtps_cpp;rosidl_typesupport_introspection_cpp
[0.181s] -- Found rosidl_default_generators: 1.2.0 (/opt/ros/humble/share/rosidl_default_generators/cmake)
[0.347s] [31mCMake Error at /opt/ros/humble/share/rosidl_adapter/cmake/rosidl_adapt_interfaces.cmake:59 (message):
[0.347s]   execute_process(/usr/bin/python3 -m rosidl_adapter --package-name
[0.347s]   ucb_interface --arguments-file
[0.347s]   /home/leyla/Desktop/nexus_ws/build/ucb_interface/rosidl_adapter__arguments__ucb_interface.json
[0.347s]   --output-dir
[0.347s]   /home/leyla/Desktop/nexus_ws/build/ucb_interface/rosidl_adapter/ucb_interface
[0.347s]   --output-file
[0.347s]   /home/leyla/Desktop/nexus_ws/build/ucb_interface/rosidl_adapter/ucb_interface.idls)
[0.347s]   returned error code 1:
[0.347s] 
[0.347s]   Error processing 'bool gui√±ador_izquierdo' of 'ucb_interface/Actuador':
[0.347s]   ''gui√±ador_izquierdo' is an invalid field name.  It should have the
[0.347s]   pattern '^(?!.*__)(?!.*_$)[a-z][a-z0-9_]*$''
[0.347s] 
[0.347s]   Traceback (most recent call last):
[0.347s] 
[0.347s]     File "/usr/lib/python3.10/runpy.py", line 196, in _run_module_as_main
[0.347s]       return _run_code(code, main_globals, None,
[0.347s]     File "/usr/lib/python3.10/runpy.py", line 86, in _run_code
[0.347s]       exec(code, run_globals)
[0.347s]     File "/opt/ros/humble/local/lib/python3.10/dist-packages/rosidl_adapter/__main__.py", line 19, in <module>
[0.347s]       sys.exit(main())
[0.347s]     File "/opt/ros/humble/local/lib/python3.10/dist-packages/rosidl_adapter/main.py", line 53, in main
[0.347s]       abs_idl_file = convert_to_idl(
[0.347s]     File "/opt/ros/humble/local/lib/python3.10/dist-packages/rosidl_adapter/__init__.py", line 19, in convert_to_idl
[0.347s]       return convert_msg_to_idl(
[0.347s]     File "/opt/ros/humble/local/lib/python3.10/dist-packages/rosidl_adapter/msg/__init__.py", line 28, in convert_msg_to_idl
[0.347s]       msg = parse_message_string(package_name, input_file.stem, content)
[0.347s]     File "/opt/ros/humble/local/lib/python3.10/dist-packages/rosidl_adapter/parser.py", line 519, in parse_message_string
[0.347s]       fields.append(Field(
[0.347s]     File "/opt/ros/humble/local/lib/python3.10/dist-packages/rosidl_adapter/parser.py", line 354, in __init__
[0.348s]       raise NameError(
[0.348s] 
[0.348s]   NameError: 'gui√±ador_izquierdo' is an invalid field name.  It should have
[0.348s]   the pattern '^(?!.*__)(?!.*_$)[a-z][a-z0-9_]*$'
[0.348s] 
[0.348s] Call Stack (most recent call first):
[0.348s]   /opt/ros/humble/share/rosidl_cmake/cmake/rosidl_generate_interfaces.cmake:130 (rosidl_adapt_interfaces)
[0.348s]   CMakeLists.txt:15 (rosidl_generate_interfaces)
[0.348s] 
[0.348s] [0m
[0.348s] -- Configuring incomplete, errors occurred!
[0.348s] See also "/home/leyla/Desktop/nexus_ws/build/ucb_interface/CMakeFiles/CMakeOutput.log".
[0.350s] gmake: *** [Makefile:963: cmake_check_build_system] Error 1
[0.366s] Invoked command in '/home/leyla/Desktop/nexus_ws/build/ucb_interface' returned '2': CMAKE_PREFIX_PATH=${CMAKE_PREFIX_PATH}:/home/leyla/Desktop/ver_ws/install/stage_ros2:/home/leyla/Desktop/ver_ws/install/robot_nav:/home/leyla/Desktop/ver_ws/install/navigation_tb3:/home/leyla/Desktop/ver_ws/install/cartographer_rviz:/home/leyla/Desktop/ver_ws/install/cartographer_ros:/home/leyla/Desktop/ver_ws/install/cartographer_ros_msgs:/home/leyla/Desktop/newvis_ws/install/panda_movet:/home/leyla/turtlebot3_ws/install/turtlebot3_teleop:/home/leyla/turtlebot3_ws/install/turtlebot3_example:/opt/ros/humble /usr/bin/cmake --build /home/leyla/Desktop/nexus_ws/build/ucb_interface -- -j20 -l20
